-------------------------------------------------------------------------------
Test set: networksniffer.PacketSnifferTest
-------------------------------------------------------------------------------
Tests run: 2, Failures: 1, Errors: 0, Skipped: 0, Time elapsed: 0.333 s <<< FAILURE! - in networksniffer.PacketSnifferTest
testPacketCapture  Time elapsed: 0.075 s  <<< FAILURE!
org.opentest4j.AssertionFailedError: Captured packet should not be null ==> expected: not <null>
	at networksniffer.PacketSnifferTest.testPacketCapture(PacketSnifferTest.java:36)

