<?xml version="1.0" encoding="UTF-8"?>
<testsuite xmlns:xsi="http://www.w3.org/2001/XMLSchema-instance" xsi:noNamespaceSchemaLocation="https://maven.apache.org/surefire/maven-surefire-plugin/xsd/surefire-test-report.xsd" name="networksniffer.PacketSnifferTest" time="0.333" tests="2" errors="0" skipped="0" failures="1">
  <properties>
[...]
</properties>
  <testcase name="testPacketSnifferInitialization" classname="networksniffer.PacketSnifferTest" time="0.251"/>
  <testcase name="testPacketCapture" classname="networksniffer.PacketSnifferTest" time="0.075">
    <failure message="Captured packet should not be null ==&gt; expected: not &lt;null&gt;" type="org.opentest4j.AssertionFailedError"><![CDATA[org.opentest4j.AssertionFailedError: Captured packet should not be null ==> expected: not <null>
	at networksniffer.PacketSnifferTest.testPacketCapture(PacketSnifferTest.java:36)
]]></failure>
    <system-err><![CDATA[[main] WARN org.pcap4j.core.Pcaps - Error calling PacketRequest: Couldn't get error message for error (3758096571)
[main] INFO org.pcap4j.core.Pcaps - 10 NIF(s) found.
[main] INFO org.pcap4j.core.PcapHandle - Closed.
]]></system-err>
  </testcase>
</testsuite>