<?xml version="1.0" encoding="UTF-8"?>
<testsuite xmlns:xsi="http://www.w3.org/2001/XMLSchema-instance" xsi:noNamespaceSchemaLocation="https://maven.apache.org/surefire/maven-surefire-plugin/xsd/surefire-test-report.xsd" name="networksniffer.PacketSnifferTest" time="0.184" tests="2" errors="2" skipped="0" failures="0">
  <properties>
[...]
</properties>
  <testcase name="testPacketSnifferInitialization" classname="networksniffer.PacketSnifferTest" time="0.174">
    <error message="Unable to load library &apos;wpcap&apos;:&#10;The specified module could not be found.&#10;&#10;The specified module could not be found.&#10;&#10;The specified module could not be found.&#10;&#10;Native library (win32-x86-64/wpcap.dll) not found in resource path (C:\Users\radco\Desktop\Rad&apos;s Folder (Everything)\College Folder\sniffer\target\test-classes;C:\Users\radco\Desktop\Rad&apos;s Folder (Everything)\College Folder\sniffer\target\classes;C:\Users\radco\.m2\repository\org\pcap4j\pcap4j-core\1.8.1\pcap4j-core-1.8.1.jar;C:\Users\radco\.m2\repository\net\java\dev\jna\jna\5.3.1\jna-5.3.1.jar;C:\Users\radco\.m2\repository\org\slf4j\slf4j-api\1.7.26\slf4j-api-1.7.26.jar;C:\Users\radco\.m2\repository\org\pcap4j\pcap4j-packetfactory-static\1.8.1\pcap4j-packetfactory-static-1.8.1.jar;C:\Users\radco\.m2\repository\org\junit\jupiter\junit-jupiter-api\5.8.2\junit-jupiter-api-5.8.2.jar;C:\Users\radco\.m2\repository\org\opentest4j\opentest4j\1.2.0\opentest4j-1.2.0.jar;C:\Users\radco\.m2\repository\org\junit\platform\junit-platform-commons\1.8.2\junit-platform-commons-1.8.2.jar;C:\Users\radco\.m2\repository\org\apiguardian\apiguardian-api\1.1.2\apiguardian-api-1.1.2.jar;C:\Users\radco\.m2\repository\org\junit\jupiter\junit-jupiter-engine\5.8.2\junit-jupiter-engine-5.8.2.jar;C:\Users\radco\.m2\repository\org\junit\platform\junit-platform-engine\1.8.2\junit-platform-engine-1.8.2.jar;)" type="java.lang.UnsatisfiedLinkError">java.lang.UnsatisfiedLinkError: 
Unable to load library 'wpcap':
The specified module could not be found.

The specified module could not be found.

The specified module could not be found.

Native library (win32-x86-64/wpcap.dll) not found in resource path (C:\Users\radco\Desktop\Rad's Folder (Everything)\College Folder\sniffer\target\test-classes;C:\Users\radco\Desktop\Rad's Folder (Everything)\College Folder\sniffer\target\classes;C:\Users\radco\.m2\repository\org\pcap4j\pcap4j-core\1.8.1\pcap4j-core-1.8.1.jar;C:\Users\radco\.m2\repository\net\java\dev\jna\jna\5.3.1\jna-5.3.1.jar;C:\Users\radco\.m2\repository\org\slf4j\slf4j-api\1.7.26\slf4j-api-1.7.26.jar;C:\Users\radco\.m2\repository\org\pcap4j\pcap4j-packetfactory-static\1.8.1\pcap4j-packetfactory-static-1.8.1.jar;C:\Users\radco\.m2\repository\org\junit\jupiter\junit-jupiter-api\5.8.2\junit-jupiter-api-5.8.2.jar;C:\Users\radco\.m2\repository\org\opentest4j\opentest4j\1.2.0\opentest4j-1.2.0.jar;C:\Users\radco\.m2\repository\org\junit\platform\junit-platform-commons\1.8.2\junit-platform-commons-1.8.2.jar;C:\Users\radco\.m2\repository\org\apiguardian\apiguardian-api\1.1.2\apiguardian-api-1.1.2.jar;C:\Users\radco\.m2\repository\org\junit\jupiter\junit-jupiter-engine\5.8.2\junit-jupiter-engine-5.8.2.jar;C:\Users\radco\.m2\repository\org\junit\platform\junit-platform-engine\1.8.2\junit-platform-engine-1.8.2.jar;)
	at networksniffer.PacketSnifferTest.testPacketSnifferInitialization(PacketSnifferTest.java:19)
</error>
    <system-err><![CDATA[SLF4J: Failed to load class "org.slf4j.impl.StaticLoggerBinder".
SLF4J: Defaulting to no-operation (NOP) logger implementation
SLF4J: See http://www.slf4j.org/codes.html#StaticLoggerBinder for further details.
]]></system-err>
  </testcase>
  <testcase name="testPacketCapture" classname="networksniffer.PacketSnifferTest" time="0">
    <error message="Could not initialize class org.pcap4j.core.NativeMappings" type="java.lang.NoClassDefFoundError">java.lang.NoClassDefFoundError: Could not initialize class org.pcap4j.core.NativeMappings
	at networksniffer.PacketSnifferTest.testPacketCapture(PacketSnifferTest.java:33)
Caused by: java.lang.ExceptionInInitializerError: 
Exception java.lang.UnsatisfiedLinkError: Unable to load library 'wpcap':
The specified module could not be found.

The specified module could not be found.

The specified module could not be found.

Native library (win32-x86-64/wpcap.dll) not found in resource path (C:\Users\radco\Desktop\Rad's Folder (Everything)\College Folder\sniffer\target\test-classes;C:\Users\radco\Desktop\Rad's Folder (Everything)\College Folder\sniffer\target\classes;C:\Users\radco\.m2\repository\org\pcap4j\pcap4j-core\1.8.1\pcap4j-core-1.8.1.jar;C:\Users\radco\.m2\repository\net\java\dev\jna\jna\5.3.1\jna-5.3.1.jar;C:\Users\radco\.m2\repository\org\slf4j\slf4j-api\1.7.26\slf4j-api-1.7.26.jar;C:\Users\radco\.m2\repository\org\pcap4j\pcap4j-packetfactory-static\1.8.1\pcap4j-packetfactory-static-1.8.1.jar;C:\Users\radco\.m2\repository\org\junit\jupiter\junit-jupiter-api\5.8.2\junit-jupiter-api-5.8.2.jar;C:\Users\radco\.m2\repository\org\opentest4j\opentest4j\1.2.0\opentest4j-1.2.0.jar;C:\Users\radco\.m2\repository\org\junit\platform\junit-platform-commons\1.8.2\junit-platform-commons-1.8.2.jar;C:\Users\radco\.m2\repository\org\apiguardian\apiguardian-api\1.1.2\apiguardian-api-1.1.2.jar;C:\Users\radco\.m2\repository\org\junit\jupiter\junit-jupiter-engine\5.8.2\junit-jupiter-engine-5.8.2.jar;C:\Users\radco\.m2\repository\org\junit\platform\junit-platform-engine\1.8.2\junit-platform-engine-1.8.2.jar;) [in thread "main"]
	at networksniffer.PacketSnifferTest.testPacketSnifferInitialization(PacketSnifferTest.java:19)
</error>
  </testcase>
</testsuite>