<?xml version="1.0" encoding="UTF-8"?>
<testsuite xmlns:xsi="http://www.w3.org/2001/XMLSchema-instance" xsi:noNamespaceSchemaLocation="https://maven.apache.org/surefire/maven-surefire-plugin/xsd/surefire-test-report.xsd" name="networksniffer.PacketSnifferTest" time="0.184" tests="2" errors="2" skipped="0" failures="0">
  <properties>
    <property name="java.specification.version" value="19"/>
    <property name="sun.cpu.isalist" value="amd64"/>
    <property name="sun.jnu.encoding" value="Cp1252"/>
    <property name="java.class.path" value="C:\Users\radco\Desktop\Rad&apos;s Folder (Everything)\College Folder\sniffer\target\test-classes;C:\Users\radco\Desktop\Rad&apos;s Folder (Everything)\College Folder\sniffer\target\classes;C:\Users\radco\.m2\repository\org\pcap4j\pcap4j-core\1.8.1\pcap4j-core-1.8.1.jar;C:\Users\radco\.m2\repository\net\java\dev\jna\jna\5.3.1\jna-5.3.1.jar;C:\Users\radco\.m2\repository\org\slf4j\slf4j-api\1.7.26\slf4j-api-1.7.26.jar;C:\Users\radco\.m2\repository\org\pcap4j\pcap4j-packetfactory-static\1.8.1\pcap4j-packetfactory-static-1.8.1.jar;C:\Users\radco\.m2\repository\org\junit\jupiter\junit-jupiter-api\5.8.2\junit-jupiter-api-5.8.2.jar;C:\Users\radco\.m2\repository\org\opentest4j\opentest4j\1.2.0\opentest4j-1.2.0.jar;C:\Users\radco\.m2\repository\org\junit\platform\junit-platform-commons\1.8.2\junit-platform-commons-1.8.2.jar;C:\Users\radco\.m2\repository\org\apiguardian\apiguardian-api\1.1.2\apiguardian-api-1.1.2.jar;C:\Users\radco\.m2\repository\org\junit\jupiter\junit-jupiter-engine\5.8.2\junit-jupiter-engine-5.8.2.jar;C:\Users\radco\.m2\repository\org\junit\platform\junit-platform-engine\1.8.2\junit-platform-engine-1.8.2.jar;"/>
    <property name="java.vm.vendor" value="Oracle Corporation"/>
    <property name="sun.arch.data.model" value="64"/>
    <property name="user.variant" value=""/>
    <property name="java.vendor.url" value="https://java.oracle.com/"/>
    <property name="user.timezone" value="America/New_York"/>
    <property name="os.name" value="Windows 10"/>
    <property name="java.vm.specification.version" value="19"/>
    <property name="sun.java.launcher" value="SUN_STANDARD"/>
    <property name="user.country" value="US"/>
    <property name="sun.boot.library.path" value="C:\Program Files\Java\jdk-19\bin"/>
    <property name="sun.java.command" value="C:\Users\radco\AppData\Local\Temp\surefire14479704871034864503\surefirebooter11847372841974151099.jar C:\Users\radco\AppData\Local\Temp\surefire14479704871034864503 2024-09-02T22-06-47_134-jvmRun1 surefire14225986625862737688tmp surefire_017648196290047495436tmp"/>
    <property name="jdk.debug" value="release"/>
    <property name="surefire.test.class.path" value="C:\Users\radco\Desktop\Rad&apos;s Folder (Everything)\College Folder\sniffer\target\test-classes;C:\Users\radco\Desktop\Rad&apos;s Folder (Everything)\College Folder\sniffer\target\classes;C:\Users\radco\.m2\repository\org\pcap4j\pcap4j-core\1.8.1\pcap4j-core-1.8.1.jar;C:\Users\radco\.m2\repository\net\java\dev\jna\jna\5.3.1\jna-5.3.1.jar;C:\Users\radco\.m2\repository\org\slf4j\slf4j-api\1.7.26\slf4j-api-1.7.26.jar;C:\Users\radco\.m2\repository\org\pcap4j\pcap4j-packetfactory-static\1.8.1\pcap4j-packetfactory-static-1.8.1.jar;C:\Users\radco\.m2\repository\org\junit\jupiter\junit-jupiter-api\5.8.2\junit-jupiter-api-5.8.2.jar;C:\Users\radco\.m2\repository\org\opentest4j\opentest4j\1.2.0\opentest4j-1.2.0.jar;C:\Users\radco\.m2\repository\org\junit\platform\junit-platform-commons\1.8.2\junit-platform-commons-1.8.2.jar;C:\Users\radco\.m2\repository\org\apiguardian\apiguardian-api\1.1.2\apiguardian-api-1.1.2.jar;C:\Users\radco\.m2\repository\org\junit\jupiter\junit-jupiter-engine\5.8.2\junit-jupiter-engine-5.8.2.jar;C:\Users\radco\.m2\repository\org\junit\platform\junit-platform-engine\1.8.2\junit-platform-engine-1.8.2.jar;"/>
    <property name="sun.cpu.endian" value="little"/>
    <property name="user.home" value="C:\Users\radco"/>
    <property name="user.language" value="en"/>
    <property name="java.specification.vendor" value="Oracle Corporation"/>
    <property name="java.version.date" value="2023-01-17"/>
    <property name="java.home" value="C:\Program Files\Java\jdk-19"/>
    <property name="file.separator" value="\"/>
    <property name="basedir" value="C:\Users\radco\Desktop\Rad&apos;s Folder (Everything)\College Folder\sniffer"/>
    <property name="java.vm.compressedOopsMode" value="Zero based"/>
    <property name="line.separator" value="&#10;"/>
    <property name="java.vm.specification.vendor" value="Oracle Corporation"/>
    <property name="java.specification.name" value="Java Platform API Specification"/>
    <property name="surefire.real.class.path" value="C:\Users\radco\AppData\Local\Temp\surefire14479704871034864503\surefirebooter11847372841974151099.jar"/>
    <property name="user.script" value=""/>
    <property name="sun.management.compiler" value="HotSpot 64-Bit Tiered Compilers"/>
    <property name="java.runtime.version" value="19.0.2+7-44"/>
    <property name="user.name" value="radco"/>
    <property name="stdout.encoding" value="Cp1252"/>
    <property name="path.separator" value=";"/>
    <property name="os.version" value="10.0"/>
    <property name="java.runtime.name" value="Java(TM) SE Runtime Environment"/>
    <property name="file.encoding" value="UTF-8"/>
    <property name="java.vm.name" value="Java HotSpot(TM) 64-Bit Server VM"/>
    <property name="localRepository" value="C:\Users\radco\.m2\repository"/>
    <property name="java.vendor.url.bug" value="https://bugreport.java.com/bugreport/"/>
    <property name="java.io.tmpdir" value="C:\Users\radco\AppData\Local\Temp\"/>
    <property name="java.version" value="19.0.2"/>
    <property name="user.dir" value="C:\Users\radco\Desktop\Rad&apos;s Folder (Everything)\College Folder\sniffer"/>
    <property name="os.arch" value="amd64"/>
    <property name="java.vm.specification.name" value="Java Virtual Machine Specification"/>
    <property name="sun.os.patch.level" value=""/>
    <property name="native.encoding" value="Cp1252"/>
    <property name="java.library.path" value="C:\Program Files\Java\jdk-19\bin;C:\Windows\Sun\Java\bin;C:\Windows\system32;C:\Windows;C:\Program Files\Common Files\Oracle\Java\javapath;C:\Program Files (x86)\Common Files\Oracle\Java\javapath;C:\Windows\system32;C:\Windows;C:\Windows\System32\Wbem;C:\Windows\System32\WindowsPowerShell\v1.0\;C:\Windows\System32\OpenSSH\;C:\Program Files (x86)\NVIDIA Corporation\PhysX\Common;C:\Program Files\NVIDIA Corporation\NVIDIA NvDLISR;C:\Program Files\Java\jdk-19\bin;C:\Program Files\Git\cmd;C:\Program Files\nodejs\;C:\Program Files\apache-maven-3.9.9\bin;C:\Users\radco\AppData\Local\Microsoft\WindowsApps;C:\Users\radco\AppData\Local\Programs\Microsoft VS Code\bin;C:\Users\radco\AppData\Roaming\npm;."/>
    <property name="java.vm.info" value="mixed mode, sharing"/>
    <property name="stderr.encoding" value="Cp1252"/>
    <property name="java.vendor" value="Oracle Corporation"/>
    <property name="java.vm.version" value="19.0.2+7-44"/>
    <property name="sun.io.unicode.encoding" value="UnicodeLittle"/>
    <property name="java.class.version" value="63.0"/>
  </properties>
  <testcase name="testPacketSnifferInitialization" classname="networksniffer.PacketSnifferTest" time="0.174">
    <error message="Unable to load library &apos;wpcap&apos;:&#10;The specified module could not be found.&#10;&#10;The specified module could not be found.&#10;&#10;The specified module could not be found.&#10;&#10;Native library (win32-x86-64/wpcap.dll) not found in resource path (C:\Users\radco\Desktop\Rad&apos;s Folder (Everything)\College Folder\sniffer\target\test-classes;C:\Users\radco\Desktop\Rad&apos;s Folder (Everything)\College Folder\sniffer\target\classes;C:\Users\radco\.m2\repository\org\pcap4j\pcap4j-core\1.8.1\pcap4j-core-1.8.1.jar;C:\Users\radco\.m2\repository\net\java\dev\jna\jna\5.3.1\jna-5.3.1.jar;C:\Users\radco\.m2\repository\org\slf4j\slf4j-api\1.7.26\slf4j-api-1.7.26.jar;C:\Users\radco\.m2\repository\org\pcap4j\pcap4j-packetfactory-static\1.8.1\pcap4j-packetfactory-static-1.8.1.jar;C:\Users\radco\.m2\repository\org\junit\jupiter\junit-jupiter-api\5.8.2\junit-jupiter-api-5.8.2.jar;C:\Users\radco\.m2\repository\org\opentest4j\opentest4j\1.2.0\opentest4j-1.2.0.jar;C:\Users\radco\.m2\repository\org\junit\platform\junit-platform-commons\1.8.2\junit-platform-commons-1.8.2.jar;C:\Users\radco\.m2\repository\org\apiguardian\apiguardian-api\1.1.2\apiguardian-api-1.1.2.jar;C:\Users\radco\.m2\repository\org\junit\jupiter\junit-jupiter-engine\5.8.2\junit-jupiter-engine-5.8.2.jar;C:\Users\radco\.m2\repository\org\junit\platform\junit-platform-engine\1.8.2\junit-platform-engine-1.8.2.jar;)" type="java.lang.UnsatisfiedLinkError">java.lang.UnsatisfiedLinkError: 
Unable to load library 'wpcap':
The specified module could not be found.

The specified module could not be found.

The specified module could not be found.

Native library (win32-x86-64/wpcap.dll) not found in resource path (C:\Users\radco\Desktop\Rad's Folder (Everything)\College Folder\sniffer\target\test-classes;C:\Users\radco\Desktop\Rad's Folder (Everything)\College Folder\sniffer\target\classes;C:\Users\radco\.m2\repository\org\pcap4j\pcap4j-core\1.8.1\pcap4j-core-1.8.1.jar;C:\Users\radco\.m2\repository\net\java\dev\jna\jna\5.3.1\jna-5.3.1.jar;C:\Users\radco\.m2\repository\org\slf4j\slf4j-api\1.7.26\slf4j-api-1.7.26.jar;C:\Users\radco\.m2\repository\org\pcap4j\pcap4j-packetfactory-static\1.8.1\pcap4j-packetfactory-static-1.8.1.jar;C:\Users\radco\.m2\repository\org\junit\jupiter\junit-jupiter-api\5.8.2\junit-jupiter-api-5.8.2.jar;C:\Users\radco\.m2\repository\org\opentest4j\opentest4j\1.2.0\opentest4j-1.2.0.jar;C:\Users\radco\.m2\repository\org\junit\platform\junit-platform-commons\1.8.2\junit-platform-commons-1.8.2.jar;C:\Users\radco\.m2\repository\org\apiguardian\apiguardian-api\1.1.2\apiguardian-api-1.1.2.jar;C:\Users\radco\.m2\repository\org\junit\jupiter\junit-jupiter-engine\5.8.2\junit-jupiter-engine-5.8.2.jar;C:\Users\radco\.m2\repository\org\junit\platform\junit-platform-engine\1.8.2\junit-platform-engine-1.8.2.jar;)
	at networksniffer.PacketSnifferTest.testPacketSnifferInitialization(PacketSnifferTest.java:19)
</error>
    <system-err><![CDATA[SLF4J: Failed to load class "org.slf4j.impl.StaticLoggerBinder".
SLF4J: Defaulting to no-operation (NOP) logger implementation
SLF4J: See http://www.slf4j.org/codes.html#StaticLoggerBinder for further details.
]]></system-err>
  </testcase>
  <testcase name="testPacketCapture" classname="networksniffer.PacketSnifferTest" time="0">
    <error message="Could not initialize class org.pcap4j.core.NativeMappings" type="java.lang.NoClassDefFoundError">java.lang.NoClassDefFoundError: Could not initialize class org.pcap4j.core.NativeMappings
	at networksniffer.PacketSnifferTest.testPacketCapture(PacketSnifferTest.java:33)
Caused by: java.lang.ExceptionInInitializerError: 
Exception java.lang.UnsatisfiedLinkError: Unable to load library 'wpcap':
The specified module could not be found.

The specified module could not be found.

The specified module could not be found.

Native library (win32-x86-64/wpcap.dll) not found in resource path (C:\Users\radco\Desktop\Rad's Folder (Everything)\College Folder\sniffer\target\test-classes;C:\Users\radco\Desktop\Rad's Folder (Everything)\College Folder\sniffer\target\classes;C:\Users\radco\.m2\repository\org\pcap4j\pcap4j-core\1.8.1\pcap4j-core-1.8.1.jar;C:\Users\radco\.m2\repository\net\java\dev\jna\jna\5.3.1\jna-5.3.1.jar;C:\Users\radco\.m2\repository\org\slf4j\slf4j-api\1.7.26\slf4j-api-1.7.26.jar;C:\Users\radco\.m2\repository\org\pcap4j\pcap4j-packetfactory-static\1.8.1\pcap4j-packetfactory-static-1.8.1.jar;C:\Users\radco\.m2\repository\org\junit\jupiter\junit-jupiter-api\5.8.2\junit-jupiter-api-5.8.2.jar;C:\Users\radco\.m2\repository\org\opentest4j\opentest4j\1.2.0\opentest4j-1.2.0.jar;C:\Users\radco\.m2\repository\org\junit\platform\junit-platform-commons\1.8.2\junit-platform-commons-1.8.2.jar;C:\Users\radco\.m2\repository\org\apiguardian\apiguardian-api\1.1.2\apiguardian-api-1.1.2.jar;C:\Users\radco\.m2\repository\org\junit\jupiter\junit-jupiter-engine\5.8.2\junit-jupiter-engine-5.8.2.jar;C:\Users\radco\.m2\repository\org\junit\platform\junit-platform-engine\1.8.2\junit-platform-engine-1.8.2.jar;) [in thread "main"]
	at networksniffer.PacketSnifferTest.testPacketSnifferInitialization(PacketSnifferTest.java:19)
</error>
  </testcase>
</testsuite>